  AppEditorLogic.cpp
  AppSystemLogic.cpp
  AppWorldLogic.cpp
  UltralightImpl.cpp
  main.cpp
W:\999 - Windows\Documents\UNIGINE Projects\UltraLightCpp\include\Ultralight\Geometry.h(29,27): warning C4201: nonstandard extension used: nameless struct/union (compiling source file UltralightImpl.cpp)
W:\999 - Windows\Documents\UNIGINE Projects\UltraLightCpp\include\Ultralight\Geometry.h(167,30): warning C4201: nonstandard extension used: nameless struct/union (compiling source file UltralightImpl.cpp)
W:\999 - Windows\Documents\UNIGINE Projects\UltraLightCpp\include\Ultralight\Geometry.h(298,33): warning C4201: nonstandard extension used: nameless struct/union (compiling source file UltralightImpl.cpp)
W:\999 - Windows\Documents\UNIGINE Projects\UltraLightCpp\include\Ultralight\Geometry.h(423,47): warning C4201: nonstandard extension used: nameless struct/union (compiling source file UltralightImpl.cpp)
W:\999 - Windows\Documents\UNIGINE Projects\UltraLightCpp\include\Ultralight\Geometry.h(540,45): warning C4201: nonstandard extension used: nameless struct/union (compiling source file UltralightImpl.cpp)
W:\999 - Windows\Documents\UNIGINE Projects\UltraLightCpp\include\JavaScriptCore\JSObjectRef.h(427,10): warning C4201: nonstandard extension used: nameless struct/union (compiling source file UltralightImpl.cpp)
W:\999 - Windows\Documents\UNIGINE Projects\UltraLightCpp\include\JavaScriptCore\JSObjectRef.h(444,10): warning C4201: nonstandard extension used: nameless struct/union (compiling source file UltralightImpl.cpp)
W:\999 - Windows\Documents\UNIGINE Projects\UltraLightCpp\include\Ultralight\Listener.h(115,44): warning C4100: 'title': unreferenced formal parameter (compiling source file UltralightImpl.cpp)
W:\999 - Windows\Documents\UNIGINE Projects\UltraLightCpp\include\Ultralight\Listener.h(114,48): warning C4100: 'caller': unreferenced formal parameter (compiling source file UltralightImpl.cpp)
W:\999 - Windows\Documents\UNIGINE Projects\UltraLightCpp\include\Ultralight\Listener.h(121,42): warning C4100: 'url': unreferenced formal parameter (compiling source file UltralightImpl.cpp)
W:\999 - Windows\Documents\UNIGINE Projects\UltraLightCpp\include\Ultralight\Listener.h(120,46): warning C4100: 'caller': unreferenced formal parameter (compiling source file UltralightImpl.cpp)
W:\999 - Windows\Documents\UNIGINE Projects\UltraLightCpp\include\Ultralight\Listener.h(127,46): warning C4100: 'tooltip': unreferenced formal parameter (compiling source file UltralightImpl.cpp)
W:\999 - Windows\Documents\UNIGINE Projects\UltraLightCpp\include\Ultralight\Listener.h(126,50): warning C4100: 'caller': unreferenced formal parameter (compiling source file UltralightImpl.cpp)
W:\999 - Windows\Documents\UNIGINE Projects\UltraLightCpp\include\Ultralight\Listener.h(133,38): warning C4100: 'cursor': unreferenced formal parameter (compiling source file UltralightImpl.cpp)
W:\999 - Windows\Documents\UNIGINE Projects\UltraLightCpp\include\Ultralight\Listener.h(132,49): warning C4100: 'caller': unreferenced formal parameter (compiling source file UltralightImpl.cpp)
W:\999 - Windows\Documents\UNIGINE Projects\UltraLightCpp\include\Ultralight\Listener.h(144,50): warning C4100: 'source_id': unreferenced formal parameter (compiling source file UltralightImpl.cpp)
W:\999 - Windows\Documents\UNIGINE Projects\UltraLightCpp\include\Ultralight\Listener.h(143,45): warning C4100: 'column_number': unreferenced formal parameter (compiling source file UltralightImpl.cpp)
W:\999 - Windows\Documents\UNIGINE Projects\UltraLightCpp\include\Ultralight\Listener.h(142,45): warning C4100: 'line_number': unreferenced formal parameter (compiling source file UltralightImpl.cpp)
W:\999 - Windows\Documents\UNIGINE Projects\UltraLightCpp\include\Ultralight\Listener.h(141,50): warning C4100: 'message': unreferenced formal parameter (compiling source file UltralightImpl.cpp)
W:\999 - Windows\Documents\UNIGINE Projects\UltraLightCpp\include\Ultralight\Listener.h(140,49): warning C4100: 'level': unreferenced formal parameter (compiling source file UltralightImpl.cpp)
W:\999 - Windows\Documents\UNIGINE Projects\UltraLightCpp\include\Ultralight\Listener.h(139,50): warning C4100: 'source': unreferenced formal parameter (compiling source file UltralightImpl.cpp)
W:\999 - Windows\Documents\UNIGINE Projects\UltraLightCpp\include\Ultralight\Listener.h(138,54): warning C4100: 'caller': unreferenced formal parameter (compiling source file UltralightImpl.cpp)
W:\999 - Windows\Documents\UNIGINE Projects\UltraLightCpp\include\Ultralight\Listener.h(200,45): warning C4100: 'url': unreferenced formal parameter (compiling source file UltralightImpl.cpp)
W:\999 - Windows\Documents\UNIGINE Projects\UltraLightCpp\include\Ultralight\Listener.h(199,36): warning C4100: 'is_main_frame': unreferenced formal parameter (compiling source file UltralightImpl.cpp)
W:\999 - Windows\Documents\UNIGINE Projects\UltraLightCpp\include\Ultralight\Listener.h(198,40): warning C4100: 'frame_id': unreferenced formal parameter (compiling source file UltralightImpl.cpp)
W:\999 - Windows\Documents\UNIGINE Projects\UltraLightCpp\include\Ultralight\Listener.h(197,49): warning C4100: 'caller': unreferenced formal parameter (compiling source file UltralightImpl.cpp)
W:\999 - Windows\Documents\UNIGINE Projects\UltraLightCpp\include\Ultralight\Listener.h(214,46): warning C4100: 'url': unreferenced formal parameter (compiling source file UltralightImpl.cpp)
W:\999 - Windows\Documents\UNIGINE Projects\UltraLightCpp\include\Ultralight\Listener.h(213,37): warning C4100: 'is_main_frame': unreferenced formal parameter (compiling source file UltralightImpl.cpp)
W:\999 - Windows\Documents\UNIGINE Projects\UltraLightCpp\include\Ultralight\Listener.h(212,41): warning C4100: 'frame_id': unreferenced formal parameter (compiling source file UltralightImpl.cpp)
W:\999 - Windows\Documents\UNIGINE Projects\UltraLightCpp\include\Ultralight\Listener.h(211,50): warning C4100: 'caller': unreferenced formal parameter (compiling source file UltralightImpl.cpp)
W:\999 - Windows\Documents\UNIGINE Projects\UltraLightCpp\include\Ultralight\Listener.h(237,34): warning C4100: 'error_code': unreferenced formal parameter (compiling source file UltralightImpl.cpp)
W:\999 - Windows\Documents\UNIGINE Projects\UltraLightCpp\include\Ultralight\Listener.h(236,44): warning C4100: 'error_domain': unreferenced formal parameter (compiling source file UltralightImpl.cpp)
W:\999 - Windows\Documents\UNIGINE Projects\UltraLightCpp\include\Ultralight\Listener.h(235,44): warning C4100: 'description': unreferenced formal parameter (compiling source file UltralightImpl.cpp)
W:\999 - Windows\Documents\UNIGINE Projects\UltraLightCpp\include\Ultralight\Listener.h(234,44): warning C4100: 'url': unreferenced formal parameter (compiling source file UltralightImpl.cpp)
W:\999 - Windows\Documents\UNIGINE Projects\UltraLightCpp\include\Ultralight\Listener.h(233,35): warning C4100: 'is_main_frame': unreferenced formal parameter (compiling source file UltralightImpl.cpp)
W:\999 - Windows\Documents\UNIGINE Projects\UltraLightCpp\include\Ultralight\Listener.h(232,39): warning C4100: 'frame_id': unreferenced formal parameter (compiling source file UltralightImpl.cpp)
W:\999 - Windows\Documents\UNIGINE Projects\UltraLightCpp\include\Ultralight\Listener.h(231,48): warning C4100: 'caller': unreferenced formal parameter (compiling source file UltralightImpl.cpp)
W:\999 - Windows\Documents\UNIGINE Projects\UltraLightCpp\include\Ultralight\Listener.h(261,50): warning C4100: 'url': unreferenced formal parameter (compiling source file UltralightImpl.cpp)
W:\999 - Windows\Documents\UNIGINE Projects\UltraLightCpp\include\Ultralight\Listener.h(260,41): warning C4100: 'is_main_frame': unreferenced formal parameter (compiling source file UltralightImpl.cpp)
W:\999 - Windows\Documents\UNIGINE Projects\UltraLightCpp\include\Ultralight\Listener.h(259,45): warning C4100: 'frame_id': unreferenced formal parameter (compiling source file UltralightImpl.cpp)
W:\999 - Windows\Documents\UNIGINE Projects\UltraLightCpp\include\Ultralight\Listener.h(258,54): warning C4100: 'caller': unreferenced formal parameter (compiling source file UltralightImpl.cpp)
W:\999 - Windows\Documents\UNIGINE Projects\UltraLightCpp\include\Ultralight\Listener.h(278,41): warning C4100: 'url': unreferenced formal parameter (compiling source file UltralightImpl.cpp)
W:\999 - Windows\Documents\UNIGINE Projects\UltraLightCpp\include\Ultralight\Listener.h(277,32): warning C4100: 'is_main_frame': unreferenced formal parameter (compiling source file UltralightImpl.cpp)
W:\999 - Windows\Documents\UNIGINE Projects\UltraLightCpp\include\Ultralight\Listener.h(276,36): warning C4100: 'frame_id': unreferenced formal parameter (compiling source file UltralightImpl.cpp)
W:\999 - Windows\Documents\UNIGINE Projects\UltraLightCpp\include\Ultralight\Listener.h(275,45): warning C4100: 'caller': unreferenced formal parameter (compiling source file UltralightImpl.cpp)
W:\999 - Windows\Documents\UNIGINE Projects\UltraLightCpp\include\Ultralight\Listener.h(283,50): warning C4100: 'caller': unreferenced formal parameter (compiling source file UltralightImpl.cpp)
W:\999 - Windows\Documents\UNIGINE Projects\UltraLightCpp\source\UltralightImpl.cpp(117,26): warning C4459: declaration of 'bitmap' hides global declaration
W:\999 - Windows\Documents\UNIGINE Projects\UltraLightCpp\source\UltralightImpl.cpp(20,16): message : see declaration of 'bitmap'
W:\999 - Windows\Documents\UNIGINE Projects\UltraLightCpp\source\UltralightImpl.cpp(120,49): warning C4459: declaration of 'bitmap' hides global declaration
W:\999 - Windows\Documents\UNIGINE Projects\UltraLightCpp\source\UltralightImpl.cpp(20,16): message : see declaration of 'bitmap'
     Creating library W:\999 - Windows\Documents\UNIGINE Projects\UltraLightCpp\source\../bin/UltraLightCpp_x64d.lib and object W:\999 - Windows\Documents\UNIGINE Projects\UltraLightCpp\source\../bin/UltraLightCpp_x64d.exp
  UltraLightCpp.vcxproj -> W:\999 - Windows\Documents\UNIGINE Projects\UltraLightCpp\bin\UltraLightCpp_x64d.exe
